2013/05/08 04:17:42 [error] [exception.CException] exception 'CException' with message 'Alias "ext.bootstrap-ajax.components.Bootstrap" is invalid. Make sure it points to an existing PHP file and the file is readable.' in D:\xampp\YII\framework\YiiBase.php:316
Stack trace:
#0 D:\xampp\YII\framework\YiiBase.php(196): YiiBase::import('ext.bootstrap-a...', true)
#1 D:\xampp\YII\framework\base\CModule.php(386): YiiBase::createComponent(Array)
#2 D:\xampp\YII\framework\base\CModule.php(523): CModule->getComponent('bootstrap')
#3 D:\xampp\YII\framework\base\CApplication.php(152): CModule->preloadComponents()
#4 D:\xampp\YII\framework\YiiBase.php(125): CApplication->__construct('D:\xampp\htdocs...')
#5 D:\xampp\YII\framework\YiiBase.php(98): YiiBase::createApplication('CWebApplication', 'D:\xampp\htdocs...')
#6 D:\xampp\htdocs\yiiboilerplate\index.php(13): YiiBase::createWebApplication('D:\xampp\htdocs...')
#7 {main}
REQUEST_URI=/yiiboilerplate/
---
2013/05/08 04:17:59 [error] [exception.CException] exception 'CException' with message 'Alias "ext.bootstrap-ajax.components.Bootstrap" is invalid. Make sure it points to an existing PHP file and the file is readable.' in D:\xampp\YII\framework\YiiBase.php:316
Stack trace:
#0 D:\xampp\YII\framework\YiiBase.php(196): YiiBase::import('ext.bootstrap-a...', true)
#1 D:\xampp\YII\framework\base\CModule.php(386): YiiBase::createComponent(Array)
#2 D:\xampp\YII\framework\base\CModule.php(523): CModule->getComponent('bootstrap')
#3 D:\xampp\YII\framework\base\CApplication.php(152): CModule->preloadComponents()
#4 D:\xampp\YII\framework\YiiBase.php(125): CApplication->__construct('D:\xampp\htdocs...')
#5 D:\xampp\YII\framework\YiiBase.php(98): YiiBase::createApplication('CWebApplication', 'D:\xampp\htdocs...')
#6 D:\xampp\htdocs\yiiboilerplate\index.php(13): YiiBase::createWebApplication('D:\xampp\htdocs...')
#7 {main}
REQUEST_URI=/yiiboilerplate/
---
2013/05/08 04:18:12 [error] [exception.CException] exception 'CException' with message 'Alias "ext.bootstrap-ajax.components.Bootstrap" is invalid. Make sure it points to an existing PHP file and the file is readable.' in D:\xampp\YII\framework\YiiBase.php:316
Stack trace:
#0 D:\xampp\YII\framework\YiiBase.php(196): YiiBase::import('ext.bootstrap-a...', true)
#1 D:\xampp\YII\framework\base\CModule.php(386): YiiBase::createComponent(Array)
#2 D:\xampp\YII\framework\base\CModule.php(523): CModule->getComponent('bootstrap')
#3 D:\xampp\YII\framework\base\CApplication.php(152): CModule->preloadComponents()
#4 D:\xampp\YII\framework\YiiBase.php(125): CApplication->__construct('D:\xampp\htdocs...')
#5 D:\xampp\YII\framework\YiiBase.php(98): YiiBase::createApplication('CWebApplication', 'D:\xampp\htdocs...')
#6 D:\xampp\htdocs\yiiboilerplate\index.php(13): YiiBase::createWebApplication('D:\xampp\htdocs...')
#7 {main}
REQUEST_URI=/yiiboilerplate/gii
---
2013/05/08 04:18:24 [error] [exception.CException] exception 'CException' with message 'Alias "ext.bootstrap.components.Bootstrap" is invalid. Make sure it points to an existing PHP file and the file is readable.' in D:\xampp\YII\framework\YiiBase.php:316
Stack trace:
#0 D:\xampp\YII\framework\YiiBase.php(196): YiiBase::import('ext.bootstrap.c...', true)
#1 D:\xampp\YII\framework\base\CModule.php(386): YiiBase::createComponent(Array)
#2 D:\xampp\YII\framework\base\CModule.php(523): CModule->getComponent('bootstrap')
#3 D:\xampp\YII\framework\base\CApplication.php(152): CModule->preloadComponents()
#4 D:\xampp\YII\framework\YiiBase.php(125): CApplication->__construct('D:\xampp\htdocs...')
#5 D:\xampp\YII\framework\YiiBase.php(98): YiiBase::createApplication('CWebApplication', 'D:\xampp\htdocs...')
#6 D:\xampp\htdocs\yiiboilerplate\index.php(13): YiiBase::createWebApplication('D:\xampp\htdocs...')
#7 {main}
REQUEST_URI=/yiiboilerplate/gii
---
2013/05/08 04:18:25 [error] [exception.CException] exception 'CException' with message 'Alias "ext.bootstrap.components.Bootstrap" is invalid. Make sure it points to an existing PHP file and the file is readable.' in D:\xampp\YII\framework\YiiBase.php:316
Stack trace:
#0 D:\xampp\YII\framework\YiiBase.php(196): YiiBase::import('ext.bootstrap.c...', true)
#1 D:\xampp\YII\framework\base\CModule.php(386): YiiBase::createComponent(Array)
#2 D:\xampp\YII\framework\base\CModule.php(523): CModule->getComponent('bootstrap')
#3 D:\xampp\YII\framework\base\CApplication.php(152): CModule->preloadComponents()
#4 D:\xampp\YII\framework\YiiBase.php(125): CApplication->__construct('D:\xampp\htdocs...')
#5 D:\xampp\YII\framework\YiiBase.php(98): YiiBase::createApplication('CWebApplication', 'D:\xampp\htdocs...')
#6 D:\xampp\htdocs\yiiboilerplate\index.php(13): YiiBase::createWebApplication('D:\xampp\htdocs...')
#7 {main}
REQUEST_URI=/yiiboilerplate/gii
---
2013/05/08 04:18:25 [error] [exception.CException] exception 'CException' with message 'Alias "ext.bootstrap.components.Bootstrap" is invalid. Make sure it points to an existing PHP file and the file is readable.' in D:\xampp\YII\framework\YiiBase.php:316
Stack trace:
#0 D:\xampp\YII\framework\YiiBase.php(196): YiiBase::import('ext.bootstrap.c...', true)
#1 D:\xampp\YII\framework\base\CModule.php(386): YiiBase::createComponent(Array)
#2 D:\xampp\YII\framework\base\CModule.php(523): CModule->getComponent('bootstrap')
#3 D:\xampp\YII\framework\base\CApplication.php(152): CModule->preloadComponents()
#4 D:\xampp\YII\framework\YiiBase.php(125): CApplication->__construct('D:\xampp\htdocs...')
#5 D:\xampp\YII\framework\YiiBase.php(98): YiiBase::createApplication('CWebApplication', 'D:\xampp\htdocs...')
#6 D:\xampp\htdocs\yiiboilerplate\index.php(13): YiiBase::createWebApplication('D:\xampp\htdocs...')
#7 {main}
REQUEST_URI=/yiiboilerplate/gii
---
2013/05/08 04:18:25 [error] [exception.CException] exception 'CException' with message 'Alias "ext.bootstrap.components.Bootstrap" is invalid. Make sure it points to an existing PHP file and the file is readable.' in D:\xampp\YII\framework\YiiBase.php:316
Stack trace:
#0 D:\xampp\YII\framework\YiiBase.php(196): YiiBase::import('ext.bootstrap.c...', true)
#1 D:\xampp\YII\framework\base\CModule.php(386): YiiBase::createComponent(Array)
#2 D:\xampp\YII\framework\base\CModule.php(523): CModule->getComponent('bootstrap')
#3 D:\xampp\YII\framework\base\CApplication.php(152): CModule->preloadComponents()
#4 D:\xampp\YII\framework\YiiBase.php(125): CApplication->__construct('D:\xampp\htdocs...')
#5 D:\xampp\YII\framework\YiiBase.php(98): YiiBase::createApplication('CWebApplication', 'D:\xampp\htdocs...')
#6 D:\xampp\htdocs\yiiboilerplate\index.php(13): YiiBase::createWebApplication('D:\xampp\htdocs...')
#7 {main}
REQUEST_URI=/yiiboilerplate/gii
---
2013/05/08 04:18:26 [error] [exception.CException] exception 'CException' with message 'Alias "ext.bootstrap.components.Bootstrap" is invalid. Make sure it points to an existing PHP file and the file is readable.' in D:\xampp\YII\framework\YiiBase.php:316
Stack trace:
#0 D:\xampp\YII\framework\YiiBase.php(196): YiiBase::import('ext.bootstrap.c...', true)
#1 D:\xampp\YII\framework\base\CModule.php(386): YiiBase::createComponent(Array)
#2 D:\xampp\YII\framework\base\CModule.php(523): CModule->getComponent('bootstrap')
#3 D:\xampp\YII\framework\base\CApplication.php(152): CModule->preloadComponents()
#4 D:\xampp\YII\framework\YiiBase.php(125): CApplication->__construct('D:\xampp\htdocs...')
#5 D:\xampp\YII\framework\YiiBase.php(98): YiiBase::createApplication('CWebApplication', 'D:\xampp\htdocs...')
#6 D:\xampp\htdocs\yiiboilerplate\index.php(13): YiiBase::createWebApplication('D:\xampp\htdocs...')
#7 {main}
REQUEST_URI=/yiiboilerplate/gii
---
2013/05/08 04:18:26 [error] [exception.CException] exception 'CException' with message 'Alias "ext.bootstrap.components.Bootstrap" is invalid. Make sure it points to an existing PHP file and the file is readable.' in D:\xampp\YII\framework\YiiBase.php:316
Stack trace:
#0 D:\xampp\YII\framework\YiiBase.php(196): YiiBase::import('ext.bootstrap.c...', true)
#1 D:\xampp\YII\framework\base\CModule.php(386): YiiBase::createComponent(Array)
#2 D:\xampp\YII\framework\base\CModule.php(523): CModule->getComponent('bootstrap')
#3 D:\xampp\YII\framework\base\CApplication.php(152): CModule->preloadComponents()
#4 D:\xampp\YII\framework\YiiBase.php(125): CApplication->__construct('D:\xampp\htdocs...')
#5 D:\xampp\YII\framework\YiiBase.php(98): YiiBase::createApplication('CWebApplication', 'D:\xampp\htdocs...')
#6 D:\xampp\htdocs\yiiboilerplate\index.php(13): YiiBase::createWebApplication('D:\xampp\htdocs...')
#7 {main}
REQUEST_URI=/yiiboilerplate/gii
---
2013/05/08 04:18:26 [error] [exception.CException] exception 'CException' with message 'Alias "ext.bootstrap.components.Bootstrap" is invalid. Make sure it points to an existing PHP file and the file is readable.' in D:\xampp\YII\framework\YiiBase.php:316
Stack trace:
#0 D:\xampp\YII\framework\YiiBase.php(196): YiiBase::import('ext.bootstrap.c...', true)
#1 D:\xampp\YII\framework\base\CModule.php(386): YiiBase::createComponent(Array)
#2 D:\xampp\YII\framework\base\CModule.php(523): CModule->getComponent('bootstrap')
#3 D:\xampp\YII\framework\base\CApplication.php(152): CModule->preloadComponents()
#4 D:\xampp\YII\framework\YiiBase.php(125): CApplication->__construct('D:\xampp\htdocs...')
#5 D:\xampp\YII\framework\YiiBase.php(98): YiiBase::createApplication('CWebApplication', 'D:\xampp\htdocs...')
#6 D:\xampp\htdocs\yiiboilerplate\index.php(13): YiiBase::createWebApplication('D:\xampp\htdocs...')
#7 {main}
REQUEST_URI=/yiiboilerplate/gii
---
2013/05/08 04:18:26 [error] [exception.CException] exception 'CException' with message 'Alias "ext.bootstrap.components.Bootstrap" is invalid. Make sure it points to an existing PHP file and the file is readable.' in D:\xampp\YII\framework\YiiBase.php:316
Stack trace:
#0 D:\xampp\YII\framework\YiiBase.php(196): YiiBase::import('ext.bootstrap.c...', true)
#1 D:\xampp\YII\framework\base\CModule.php(386): YiiBase::createComponent(Array)
#2 D:\xampp\YII\framework\base\CModule.php(523): CModule->getComponent('bootstrap')
#3 D:\xampp\YII\framework\base\CApplication.php(152): CModule->preloadComponents()
#4 D:\xampp\YII\framework\YiiBase.php(125): CApplication->__construct('D:\xampp\htdocs...')
#5 D:\xampp\YII\framework\YiiBase.php(98): YiiBase::createApplication('CWebApplication', 'D:\xampp\htdocs...')
#6 D:\xampp\htdocs\yiiboilerplate\index.php(13): YiiBase::createWebApplication('D:\xampp\htdocs...')
#7 {main}
REQUEST_URI=/yiiboilerplate/gii
---
2013/05/08 04:18:26 [error] [exception.CException] exception 'CException' with message 'Alias "ext.bootstrap.components.Bootstrap" is invalid. Make sure it points to an existing PHP file and the file is readable.' in D:\xampp\YII\framework\YiiBase.php:316
Stack trace:
#0 D:\xampp\YII\framework\YiiBase.php(196): YiiBase::import('ext.bootstrap.c...', true)
#1 D:\xampp\YII\framework\base\CModule.php(386): YiiBase::createComponent(Array)
#2 D:\xampp\YII\framework\base\CModule.php(523): CModule->getComponent('bootstrap')
#3 D:\xampp\YII\framework\base\CApplication.php(152): CModule->preloadComponents()
#4 D:\xampp\YII\framework\YiiBase.php(125): CApplication->__construct('D:\xampp\htdocs...')
#5 D:\xampp\YII\framework\YiiBase.php(98): YiiBase::createApplication('CWebApplication', 'D:\xampp\htdocs...')
#6 D:\xampp\htdocs\yiiboilerplate\index.php(13): YiiBase::createWebApplication('D:\xampp\htdocs...')
#7 {main}
REQUEST_URI=/yiiboilerplate/gii
---
2013/05/08 04:18:27 [error] [exception.CException] exception 'CException' with message 'Alias "ext.bootstrap.components.Bootstrap" is invalid. Make sure it points to an existing PHP file and the file is readable.' in D:\xampp\YII\framework\YiiBase.php:316
Stack trace:
#0 D:\xampp\YII\framework\YiiBase.php(196): YiiBase::import('ext.bootstrap.c...', true)
#1 D:\xampp\YII\framework\base\CModule.php(386): YiiBase::createComponent(Array)
#2 D:\xampp\YII\framework\base\CModule.php(523): CModule->getComponent('bootstrap')
#3 D:\xampp\YII\framework\base\CApplication.php(152): CModule->preloadComponents()
#4 D:\xampp\YII\framework\YiiBase.php(125): CApplication->__construct('D:\xampp\htdocs...')
#5 D:\xampp\YII\framework\YiiBase.php(98): YiiBase::createApplication('CWebApplication', 'D:\xampp\htdocs...')
#6 D:\xampp\htdocs\yiiboilerplate\index.php(13): YiiBase::createWebApplication('D:\xampp\htdocs...')
#7 {main}
REQUEST_URI=/yiiboilerplate/gii
---
2013/05/08 04:18:27 [error] [exception.CException] exception 'CException' with message 'Alias "ext.bootstrap.components.Bootstrap" is invalid. Make sure it points to an existing PHP file and the file is readable.' in D:\xampp\YII\framework\YiiBase.php:316
Stack trace:
#0 D:\xampp\YII\framework\YiiBase.php(196): YiiBase::import('ext.bootstrap.c...', true)
#1 D:\xampp\YII\framework\base\CModule.php(386): YiiBase::createComponent(Array)
#2 D:\xampp\YII\framework\base\CModule.php(523): CModule->getComponent('bootstrap')
#3 D:\xampp\YII\framework\base\CApplication.php(152): CModule->preloadComponents()
#4 D:\xampp\YII\framework\YiiBase.php(125): CApplication->__construct('D:\xampp\htdocs...')
#5 D:\xampp\YII\framework\YiiBase.php(98): YiiBase::createApplication('CWebApplication', 'D:\xampp\htdocs...')
#6 D:\xampp\htdocs\yiiboilerplate\index.php(13): YiiBase::createWebApplication('D:\xampp\htdocs...')
#7 {main}
REQUEST_URI=/yiiboilerplate/gii
---
2013/05/08 04:18:27 [error] [exception.CException] exception 'CException' with message 'Alias "ext.bootstrap.components.Bootstrap" is invalid. Make sure it points to an existing PHP file and the file is readable.' in D:\xampp\YII\framework\YiiBase.php:316
Stack trace:
#0 D:\xampp\YII\framework\YiiBase.php(196): YiiBase::import('ext.bootstrap.c...', true)
#1 D:\xampp\YII\framework\base\CModule.php(386): YiiBase::createComponent(Array)
#2 D:\xampp\YII\framework\base\CModule.php(523): CModule->getComponent('bootstrap')
#3 D:\xampp\YII\framework\base\CApplication.php(152): CModule->preloadComponents()
#4 D:\xampp\YII\framework\YiiBase.php(125): CApplication->__construct('D:\xampp\htdocs...')
#5 D:\xampp\YII\framework\YiiBase.php(98): YiiBase::createApplication('CWebApplication', 'D:\xampp\htdocs...')
#6 D:\xampp\htdocs\yiiboilerplate\index.php(13): YiiBase::createWebApplication('D:\xampp\htdocs...')
#7 {main}
REQUEST_URI=/yiiboilerplate/gii
---
2013/05/08 04:18:27 [error] [exception.CException] exception 'CException' with message 'Alias "ext.bootstrap.components.Bootstrap" is invalid. Make sure it points to an existing PHP file and the file is readable.' in D:\xampp\YII\framework\YiiBase.php:316
Stack trace:
#0 D:\xampp\YII\framework\YiiBase.php(196): YiiBase::import('ext.bootstrap.c...', true)
#1 D:\xampp\YII\framework\base\CModule.php(386): YiiBase::createComponent(Array)
#2 D:\xampp\YII\framework\base\CModule.php(523): CModule->getComponent('bootstrap')
#3 D:\xampp\YII\framework\base\CApplication.php(152): CModule->preloadComponents()
#4 D:\xampp\YII\framework\YiiBase.php(125): CApplication->__construct('D:\xampp\htdocs...')
#5 D:\xampp\YII\framework\YiiBase.php(98): YiiBase::createApplication('CWebApplication', 'D:\xampp\htdocs...')
#6 D:\xampp\htdocs\yiiboilerplate\index.php(13): YiiBase::createWebApplication('D:\xampp\htdocs...')
#7 {main}
REQUEST_URI=/yiiboilerplate/gii
---
2013/05/08 04:18:27 [error] [exception.CException] exception 'CException' with message 'Alias "ext.bootstrap.components.Bootstrap" is invalid. Make sure it points to an existing PHP file and the file is readable.' in D:\xampp\YII\framework\YiiBase.php:316
Stack trace:
#0 D:\xampp\YII\framework\YiiBase.php(196): YiiBase::import('ext.bootstrap.c...', true)
#1 D:\xampp\YII\framework\base\CModule.php(386): YiiBase::createComponent(Array)
#2 D:\xampp\YII\framework\base\CModule.php(523): CModule->getComponent('bootstrap')
#3 D:\xampp\YII\framework\base\CApplication.php(152): CModule->preloadComponents()
#4 D:\xampp\YII\framework\YiiBase.php(125): CApplication->__construct('D:\xampp\htdocs...')
#5 D:\xampp\YII\framework\YiiBase.php(98): YiiBase::createApplication('CWebApplication', 'D:\xampp\htdocs...')
#6 D:\xampp\htdocs\yiiboilerplate\index.php(13): YiiBase::createWebApplication('D:\xampp\htdocs...')
#7 {main}
REQUEST_URI=/yiiboilerplate/gii
---
2013/05/08 04:33:44 [error] [exception.CException] exception 'CException' with message 'Alias "ext.bootstrap.components.Bootstrap" is invalid. Make sure it points to an existing PHP file and the file is readable.' in D:\xampp\YII\framework\YiiBase.php:316
Stack trace:
#0 D:\xampp\YII\framework\YiiBase.php(196): YiiBase::import('ext.bootstrap.c...', true)
#1 D:\xampp\YII\framework\base\CModule.php(386): YiiBase::createComponent(Array)
#2 D:\xampp\YII\framework\base\CModule.php(523): CModule->getComponent('bootstrap')
#3 D:\xampp\YII\framework\base\CApplication.php(152): CModule->preloadComponents()
#4 D:\xampp\YII\framework\YiiBase.php(125): CApplication->__construct('D:\xampp\htdocs...')
#5 D:\xampp\YII\framework\YiiBase.php(98): YiiBase::createApplication('CWebApplication', 'D:\xampp\htdocs...')
#6 D:\xampp\htdocs\yiiboilerplate\index.php(13): YiiBase::createWebApplication('D:\xampp\htdocs...')
#7 {main}
REQUEST_URI=/yiiboilerplate/gii
---
2013/05/08 04:36:55 [error] [exception.CException] exception 'CException' with message 'Alias "application.extensions.ajaxgii.bootstrap.BootstrapCode" is invalid. Make sure it points to an existing PHP file and the file is readable.' in D:\xampp\YII\framework\YiiBase.php:316
Stack trace:
#0 D:\xampp\YII\framework\gii\CCodeGenerator.php(152): YiiBase::import('application.ext...', true)
#1 D:\xampp\YII\framework\gii\CCodeGenerator.php(63): CCodeGenerator->prepare()
#2 D:\xampp\YII\framework\web\actions\CInlineAction.php(49): CCodeGenerator->actionIndex()
#3 D:\xampp\YII\framework\web\CController.php(308): CInlineAction->runWithParams(Array)
#4 D:\xampp\YII\framework\web\CController.php(286): CController->runAction(Object(CInlineAction))
#5 D:\xampp\YII\framework\web\CController.php(265): CController->runActionWithFilters(Object(CInlineAction), Array)
#6 D:\xampp\YII\framework\web\CWebApplication.php(282): CController->run('')
#7 D:\xampp\YII\framework\web\CWebApplication.php(141): CWebApplication->runController('gii/bootstrap')
#8 D:\xampp\YII\framework\base\CApplication.php(169): CWebApplication->processRequest()
#9 D:\xampp\htdocs\yiiboilerplate\index.php(13): CApplication->run()
#10 {main}
REQUEST_URI=/yiiboilerplate/index.php/gii/bootstrap
HTTP_REFERER=http://localhost/yiiboilerplate/index.php/gii/model
---
2013/05/08 04:44:55 [error] [exception.CException] exception 'CException' with message 'Property "CUrlManager.generatorPaths" is not defined.' in D:\xampp\YII\framework\base\CComponent.php:173
Stack trace:
#0 D:\xampp\YII\framework\YiiBase.php(220): CComponent->__set('generatorPaths', Array)
#1 D:\xampp\YII\framework\base\CModule.php(386): YiiBase::createComponent(Array)
#2 D:\xampp\YII\framework\base\CApplication.php(510): CModule->getComponent('urlManager')
#3 D:\xampp\YII\framework\web\CWebApplication.php(140): CApplication->getUrlManager()
#4 D:\xampp\YII\framework\base\CApplication.php(169): CWebApplication->processRequest()
#5 D:\xampp\htdocs\yiiboilerplate\index.php(13): CApplication->run()
#6 {main}
REQUEST_URI=/yiiboilerplate/index.php/gii/bootstrap
HTTP_REFERER=http://localhost/yiiboilerplate/index.php/gii/bootstrap
---
2013/05/08 04:44:56 [error] [exception.CException] exception 'CException' with message 'Property "CUrlManager.generatorPaths" is not defined.' in D:\xampp\YII\framework\base\CComponent.php:173
Stack trace:
#0 D:\xampp\YII\framework\YiiBase.php(220): CComponent->__set('generatorPaths', Array)
#1 D:\xampp\YII\framework\base\CModule.php(386): YiiBase::createComponent(Array)
#2 D:\xampp\YII\framework\base\CApplication.php(510): CModule->getComponent('urlManager')
#3 D:\xampp\YII\framework\web\CWebApplication.php(140): CApplication->getUrlManager()
#4 D:\xampp\YII\framework\base\CApplication.php(169): CWebApplication->processRequest()
#5 D:\xampp\htdocs\yiiboilerplate\index.php(13): CApplication->run()
#6 {main}
REQUEST_URI=/yiiboilerplate/index.php/gii/bootstrap
HTTP_REFERER=http://localhost/yiiboilerplate/index.php/gii/bootstrap
---
2013/05/08 04:45:22 [error] [exception.CException] exception 'CException' with message 'Property "CUrlManager.gii" is not defined.' in D:\xampp\YII\framework\base\CComponent.php:173
Stack trace:
#0 D:\xampp\YII\framework\YiiBase.php(220): CComponent->__set('gii', 'gii')
#1 D:\xampp\YII\framework\base\CModule.php(386): YiiBase::createComponent(Array)
#2 D:\xampp\YII\framework\base\CApplication.php(510): CModule->getComponent('urlManager')
#3 D:\xampp\YII\framework\web\CWebApplication.php(140): CApplication->getUrlManager()
#4 D:\xampp\YII\framework\base\CApplication.php(169): CWebApplication->processRequest()
#5 D:\xampp\htdocs\yiiboilerplate\index.php(13): CApplication->run()
#6 {main}
REQUEST_URI=/yiiboilerplate/index.php/gii/bootstrap
HTTP_REFERER=http://localhost/yiiboilerplate/index.php/gii/bootstrap
---
2013/05/08 04:45:23 [error] [exception.CException] exception 'CException' with message 'Property "CUrlManager.gii" is not defined.' in D:\xampp\YII\framework\base\CComponent.php:173
Stack trace:
#0 D:\xampp\YII\framework\YiiBase.php(220): CComponent->__set('gii', 'gii')
#1 D:\xampp\YII\framework\base\CModule.php(386): YiiBase::createComponent(Array)
#2 D:\xampp\YII\framework\base\CApplication.php(510): CModule->getComponent('urlManager')
#3 D:\xampp\YII\framework\web\CWebApplication.php(140): CApplication->getUrlManager()
#4 D:\xampp\YII\framework\base\CApplication.php(169): CWebApplication->processRequest()
#5 D:\xampp\htdocs\yiiboilerplate\index.php(13): CApplication->run()
#6 {main}
REQUEST_URI=/yiiboilerplate/index.php/gii/bootstrap
HTTP_REFERER=http://localhost/yiiboilerplate/index.php/gii/bootstrap
---
2013/05/08 06:03:21 [error] [php] require_once(tcpdf/tcpdf.php) [<a href='function.require-once'>function.require-once</a>]: failed to open stream: No such file or directory (D:\xampp\htdocs\yiiboilerplate\protected\controllers\ProfileController.php:348)
Stack trace:
#0 D:\xampp\YII\framework\web\CController.php(308): CInlineAction->runWithParams()
#1 D:\xampp\YII\framework\web\filters\CFilterChain.php(133): ProfileController->runAction()
#2 D:\xampp\YII\framework\web\filters\CFilter.php(40): CFilterChain->run()
#3 D:\xampp\YII\framework\web\CController.php(1145): CAccessControlFilter->filter()
#4 D:\xampp\YII\framework\web\filters\CInlineFilter.php(58): ProfileController->filterAccessControl()
#5 D:\xampp\YII\framework\web\filters\CFilterChain.php(130): CInlineFilter->filter()
#6 D:\xampp\YII\framework\web\CController.php(291): CFilterChain->run()
#7 D:\xampp\YII\framework\web\CController.php(265): ProfileController->runActionWithFilters()
#8 D:\xampp\YII\framework\web\CWebApplication.php(282): ProfileController->run()
#9 D:\xampp\YII\framework\web\CWebApplication.php(141): CWebApplication->runController()
#10 D:\xampp\YII\framework\base\CApplication.php(169): CWebApplication->processRequest()
#11 D:\xampp\htdocs\yiiboilerplate\index.php(13): CWebApplication->run()
REQUEST_URI=/yiiboilerplate/index.php/profile/GeneratePdf
in D:\xampp\htdocs\yiiboilerplate\protected\controllers\ProfileController.php (348)
in D:\xampp\htdocs\yiiboilerplate\protected\controllers\ProfileController.php (348)
in D:\xampp\htdocs\yiiboilerplate\index.php (13)
2013/05/08 06:07:48 [error] [exception.CException] exception 'CException' with message 'Property "ProfileController.menu" is not defined.' in D:\xampp\YII\framework\base\CComponent.php:173
Stack trace:
#0 D:\xampp\htdocs\yiiboilerplate\protected\views\profile\admin.php(7): CComponent->__set('menu', Array)
#1 D:\xampp\YII\framework\web\CBaseController.php(126): require('D:\xampp\htdocs...')
#2 D:\xampp\YII\framework\web\CBaseController.php(95): CBaseController->renderInternal('D:\xampp\htdocs...', Array, true)
#3 D:\xampp\YII\framework\web\CController.php(869): CBaseController->renderFile('D:\xampp\htdocs...', Array, true)
#4 D:\xampp\YII\framework\web\CController.php(782): CController->renderPartial('admin', Array, true)
#5 D:\xampp\htdocs\yiiboilerplate\protected\controllers\ProfileController.php(267): CController->render('admin', Array)
#6 D:\xampp\YII\framework\web\actions\CInlineAction.php(49): ProfileController->actionAdmin()
#7 D:\xampp\YII\framework\web\CController.php(308): CInlineAction->runWithParams(Array)
#8 D:\xampp\YII\framework\web\filters\CFilterChain.php(133): CController->runAction(Object(CInlineAction))
#9 D:\xampp\YII\framework\web\filters\CFilter.php(40): CFilterChain->run()
#10 D:\xampp\YII\framework\web\CController.php(1145): CFilter->filter(Object(CFilterChain))
#11 D:\xampp\YII\framework\web\filters\CInlineFilter.php(58): CController->filterAccessControl(Object(CFilterChain))
#12 D:\xampp\YII\framework\web\filters\CFilterChain.php(130): CInlineFilter->filter(Object(CFilterChain))
#13 D:\xampp\YII\framework\web\CController.php(291): CFilterChain->run()
#14 D:\xampp\YII\framework\web\CController.php(265): CController->runActionWithFilters(Object(CInlineAction), Array)
#15 D:\xampp\YII\framework\web\CWebApplication.php(282): CController->run('admin')
#16 D:\xampp\YII\framework\web\CWebApplication.php(141): CWebApplication->runController('profile/admin')
#17 D:\xampp\YII\framework\base\CApplication.php(169): CWebApplication->processRequest()
#18 D:\xampp\htdocs\yiiboilerplate\index.php(13): CApplication->run()
#19 {main}
REQUEST_URI=/yiiboilerplate/index.php/profile/admin
---
2013/05/08 06:07:57 [error] [exception.CException] exception 'CException' with message 'Property "ProfileController.menu" is not defined.' in D:\xampp\YII\framework\base\CComponent.php:173
Stack trace:
#0 D:\xampp\htdocs\yiiboilerplate\protected\views\profile\admin.php(7): CComponent->__set('menu', Array)
#1 D:\xampp\YII\framework\web\CBaseController.php(126): require('D:\xampp\htdocs...')
#2 D:\xampp\YII\framework\web\CBaseController.php(95): CBaseController->renderInternal('D:\xampp\htdocs...', Array, true)
#3 D:\xampp\YII\framework\web\CController.php(869): CBaseController->renderFile('D:\xampp\htdocs...', Array, true)
#4 D:\xampp\YII\framework\web\CController.php(782): CController->renderPartial('admin', Array, true)
#5 D:\xampp\htdocs\yiiboilerplate\protected\controllers\ProfileController.php(267): CController->render('admin', Array)
#6 D:\xampp\YII\framework\web\actions\CInlineAction.php(49): ProfileController->actionAdmin()
#7 D:\xampp\YII\framework\web\CController.php(308): CInlineAction->runWithParams(Array)
#8 D:\xampp\YII\framework\web\filters\CFilterChain.php(133): CController->runAction(Object(CInlineAction))
#9 D:\xampp\YII\framework\web\filters\CFilter.php(40): CFilterChain->run()
#10 D:\xampp\YII\framework\web\CController.php(1145): CFilter->filter(Object(CFilterChain))
#11 D:\xampp\YII\framework\web\filters\CInlineFilter.php(58): CController->filterAccessControl(Object(CFilterChain))
#12 D:\xampp\YII\framework\web\filters\CFilterChain.php(130): CInlineFilter->filter(Object(CFilterChain))
#13 D:\xampp\YII\framework\web\CController.php(291): CFilterChain->run()
#14 D:\xampp\YII\framework\web\CController.php(265): CController->runActionWithFilters(Object(CInlineAction), Array)
#15 D:\xampp\YII\framework\web\CWebApplication.php(282): CController->run('admin')
#16 D:\xampp\YII\framework\web\CWebApplication.php(141): CWebApplication->runController('profile/admin')
#17 D:\xampp\YII\framework\base\CApplication.php(169): CWebApplication->processRequest()
#18 D:\xampp\htdocs\yiiboilerplate\index.php(13): CApplication->run()
#19 {main}
REQUEST_URI=/yiiboilerplate/index.php/profile/admin
---
2013/05/08 06:08:27 [error] [php] Undefined index: id (D:\xampp\htdocs\yiiboilerplate\protected\controllers\ProfileController.php:52)
Stack trace:
#0 D:\xampp\YII\framework\web\filters\CFilterChain.php(133): ProfileController->runAction()
#1 D:\xampp\YII\framework\web\filters\CFilter.php(40): CFilterChain->run()
#2 D:\xampp\YII\framework\web\CController.php(1145): CAccessControlFilter->filter()
#3 D:\xampp\YII\framework\web\filters\CInlineFilter.php(58): ProfileController->filterAccessControl()
#4 D:\xampp\YII\framework\web\filters\CFilterChain.php(130): CInlineFilter->filter()
#5 D:\xampp\YII\framework\web\CController.php(291): CFilterChain->run()
#6 D:\xampp\YII\framework\web\CController.php(265): ProfileController->runActionWithFilters()
#7 D:\xampp\YII\framework\web\CWebApplication.php(282): ProfileController->run()
#8 D:\xampp\YII\framework\web\CWebApplication.php(141): CWebApplication->runController()
#9 D:\xampp\YII\framework\base\CApplication.php(169): CWebApplication->processRequest()
#10 D:\xampp\htdocs\yiiboilerplate\index.php(13): CWebApplication->run()
REQUEST_URI=/yiiboilerplate/index.php/profile/view
in D:\xampp\htdocs\yiiboilerplate\protected\controllers\ProfileController.php (52)
in D:\xampp\htdocs\yiiboilerplate\index.php (13)
2013/05/08 06:08:36 [error] [exception.CException] exception 'CException' with message 'Property "ProfileController.menu" is not defined.' in D:\xampp\YII\framework\base\CComponent.php:173
Stack trace:
#0 D:\xampp\htdocs\yiiboilerplate\protected\views\profile\admin.php(7): CComponent->__set('menu', Array)
#1 D:\xampp\YII\framework\web\CBaseController.php(126): require('D:\xampp\htdocs...')
#2 D:\xampp\YII\framework\web\CBaseController.php(95): CBaseController->renderInternal('D:\xampp\htdocs...', Array, true)
#3 D:\xampp\YII\framework\web\CController.php(869): CBaseController->renderFile('D:\xampp\htdocs...', Array, true)
#4 D:\xampp\YII\framework\web\CController.php(782): CController->renderPartial('admin', Array, true)
#5 D:\xampp\htdocs\yiiboilerplate\protected\controllers\ProfileController.php(267): CController->render('admin', Array)
#6 D:\xampp\YII\framework\web\actions\CInlineAction.php(49): ProfileController->actionAdmin()
#7 D:\xampp\YII\framework\web\CController.php(308): CInlineAction->runWithParams(Array)
#8 D:\xampp\YII\framework\web\filters\CFilterChain.php(133): CController->runAction(Object(CInlineAction))
#9 D:\xampp\YII\framework\web\filters\CFilter.php(40): CFilterChain->run()
#10 D:\xampp\YII\framework\web\CController.php(1145): CFilter->filter(Object(CFilterChain))
#11 D:\xampp\YII\framework\web\filters\CInlineFilter.php(58): CController->filterAccessControl(Object(CFilterChain))
#12 D:\xampp\YII\framework\web\filters\CFilterChain.php(130): CInlineFilter->filter(Object(CFilterChain))
#13 D:\xampp\YII\framework\web\CController.php(291): CFilterChain->run()
#14 D:\xampp\YII\framework\web\CController.php(265): CController->runActionWithFilters(Object(CInlineAction), Array)
#15 D:\xampp\YII\framework\web\CWebApplication.php(282): CController->run('admin')
#16 D:\xampp\YII\framework\web\CWebApplication.php(141): CWebApplication->runController('profile/admin')
#17 D:\xampp\YII\framework\base\CApplication.php(169): CWebApplication->processRequest()
#18 D:\xampp\htdocs\yiiboilerplate\index.php(13): CApplication->run()
#19 {main}
REQUEST_URI=/yiiboilerplate/index.php/profile/admin
---
2013/05/08 06:42:03 [error] [exception.CException] exception 'CException' with message 'Property "Profile.end_date" is not defined.' in D:\xampp\YII\framework\base\CComponent.php:130
Stack trace:
#0 D:\xampp\YII\framework\db\ar\CActiveRecord.php(143): CComponent->__get('end_date')
#1 D:\xampp\YII\framework\web\helpers\CHtml.php(2255): CActiveRecord->__get('end_date')
#2 D:\xampp\YII\framework\web\helpers\CHtml.php(1980): CHtml::resolveValue(Object(Profile), 'end_date')
#3 D:\xampp\YII\framework\web\helpers\CHtml.php(1257): CHtml::activeInputField('text', Object(Profile), 'end_date', Array)
#4 D:\xampp\htdocs\yiiboilerplate\protected\extensions\bootstrap\widgets\TbDatePicker.php(62): CHtml::activeTextField(Object(Profile), 'end_date', Array)
#5 D:\xampp\YII\framework\web\CBaseController.php(173): TbDatePicker->run()
#6 D:\xampp\htdocs\yiiboilerplate\protected\extensions\bootstrap\widgets\input\TbInputHorizontal.php(337): CBaseController->widget('bootstrap.widge...', Array)
#7 D:\xampp\htdocs\yiiboilerplate\protected\extensions\bootstrap\widgets\input\TbInput.php(314): TbInputHorizontal->datepickerField()
#8 D:\xampp\htdocs\yiiboilerplate\protected\extensions\bootstrap\widgets\input\TbInputHorizontal.php(24): TbInput->run()
#9 D:\xampp\YII\framework\web\CBaseController.php(173): TbInputHorizontal->run()
#10 D:\xampp\htdocs\yiiboilerplate\protected\extensions\bootstrap\widgets\TbActiveForm.php(1008): CBaseController->widget('bootstrap.widge...', Array)
#11 D:\xampp\htdocs\yiiboilerplate\protected\extensions\bootstrap\widgets\TbActiveForm.php(405): TbActiveForm->inputRow('datepicker', Object(Profile), 'end_date', NULL, Array)
#12 D:\xampp\htdocs\yiiboilerplate\protected\views\profile\_ajax_create_form.php(64): TbActiveForm->datepickerRow(Object(Profile), 'end_date', Array)
#13 D:\xampp\YII\framework\web\CBaseController.php(126): require('D:\xampp\htdocs...')
#14 D:\xampp\YII\framework\web\CBaseController.php(95): CBaseController->renderInternal('D:\xampp\htdocs...', Array, true)
#15 D:\xampp\YII\framework\web\CController.php(869): CBaseController->renderFile('D:\xampp\htdocs...', Array, true)
#16 D:\xampp\htdocs\yiiboilerplate\protected\views\profile\index.php(79): CController->renderPartial('_ajax_create_fo...', Array)
#17 D:\xampp\YII\framework\web\CBaseController.php(126): require('D:\xampp\htdocs...')
#18 D:\xampp\YII\framework\web\CBaseController.php(95): CBaseController->renderInternal('D:\xampp\htdocs...', Array, true)
#19 D:\xampp\YII\framework\web\CController.php(869): CBaseController->renderFile('D:\xampp\htdocs...', Array, true)
#20 D:\xampp\YII\framework\web\CController.php(782): CController->renderPartial('index', Array, true)
#21 D:\xampp\htdocs\yiiboilerplate\protected\controllers\ProfileController.php(280): CController->render('index', Array)
#22 D:\xampp\YII\framework\web\actions\CInlineAction.php(49): ProfileController->actionIndex()
#23 D:\xampp\YII\framework\web\CController.php(308): CInlineAction->runWithParams(Array)
#24 D:\xampp\YII\framework\web\filters\CFilterChain.php(133): CController->runAction(Object(CInlineAction))
#25 D:\xampp\YII\framework\web\filters\CFilter.php(40): CFilterChain->run()
#26 D:\xampp\YII\framework\web\CController.php(1145): CFilter->filter(Object(CFilterChain))
#27 D:\xampp\YII\framework\web\filters\CInlineFilter.php(58): CController->filterAccessControl(Object(CFilterChain))
#28 D:\xampp\YII\framework\web\filters\CFilterChain.php(130): CInlineFilter->filter(Object(CFilterChain))
#29 D:\xampp\YII\framework\web\CController.php(291): CFilterChain->run()
#30 D:\xampp\YII\framework\web\CController.php(265): CController->runActionWithFilters(Object(CInlineAction), Array)
#31 D:\xampp\YII\framework\web\CWebApplication.php(282): CController->run('')
#32 D:\xampp\YII\framework\web\CWebApplication.php(141): CWebApplication->runController('profile')
#33 D:\xampp\YII\framework\base\CApplication.php(169): CWebApplication->processRequest()
#34 D:\xampp\htdocs\yiiboilerplate\index.php(13): CApplication->run()
#35 {main}
REQUEST_URI=/yiiboilerplate/profile
---
2013/05/08 06:42:05 [error] [exception.CException] exception 'CException' with message 'Property "Profile.end_date" is not defined.' in D:\xampp\YII\framework\base\CComponent.php:130
Stack trace:
#0 D:\xampp\YII\framework\db\ar\CActiveRecord.php(143): CComponent->__get('end_date')
#1 D:\xampp\YII\framework\web\helpers\CHtml.php(2255): CActiveRecord->__get('end_date')
#2 D:\xampp\YII\framework\web\helpers\CHtml.php(1980): CHtml::resolveValue(Object(Profile), 'end_date')
#3 D:\xampp\YII\framework\web\helpers\CHtml.php(1257): CHtml::activeInputField('text', Object(Profile), 'end_date', Array)
#4 D:\xampp\htdocs\yiiboilerplate\protected\extensions\bootstrap\widgets\TbDatePicker.php(62): CHtml::activeTextField(Object(Profile), 'end_date', Array)
#5 D:\xampp\YII\framework\web\CBaseController.php(173): TbDatePicker->run()
#6 D:\xampp\htdocs\yiiboilerplate\protected\extensions\bootstrap\widgets\input\TbInputHorizontal.php(337): CBaseController->widget('bootstrap.widge...', Array)
#7 D:\xampp\htdocs\yiiboilerplate\protected\extensions\bootstrap\widgets\input\TbInput.php(314): TbInputHorizontal->datepickerField()
#8 D:\xampp\htdocs\yiiboilerplate\protected\extensions\bootstrap\widgets\input\TbInputHorizontal.php(24): TbInput->run()
#9 D:\xampp\YII\framework\web\CBaseController.php(173): TbInputHorizontal->run()
#10 D:\xampp\htdocs\yiiboilerplate\protected\extensions\bootstrap\widgets\TbActiveForm.php(1008): CBaseController->widget('bootstrap.widge...', Array)
#11 D:\xampp\htdocs\yiiboilerplate\protected\extensions\bootstrap\widgets\TbActiveForm.php(405): TbActiveForm->inputRow('datepicker', Object(Profile), 'end_date', NULL, Array)
#12 D:\xampp\htdocs\yiiboilerplate\protected\views\profile\_ajax_create_form.php(64): TbActiveForm->datepickerRow(Object(Profile), 'end_date', Array)
#13 D:\xampp\YII\framework\web\CBaseController.php(126): require('D:\xampp\htdocs...')
#14 D:\xampp\YII\framework\web\CBaseController.php(95): CBaseController->renderInternal('D:\xampp\htdocs...', Array, true)
#15 D:\xampp\YII\framework\web\CController.php(869): CBaseController->renderFile('D:\xampp\htdocs...', Array, true)
#16 D:\xampp\htdocs\yiiboilerplate\protected\views\profile\index.php(79): CController->renderPartial('_ajax_create_fo...', Array)
#17 D:\xampp\YII\framework\web\CBaseController.php(126): require('D:\xampp\htdocs...')
#18 D:\xampp\YII\framework\web\CBaseController.php(95): CBaseController->renderInternal('D:\xampp\htdocs...', Array, true)
#19 D:\xampp\YII\framework\web\CController.php(869): CBaseController->renderFile('D:\xampp\htdocs...', Array, true)
#20 D:\xampp\YII\framework\web\CController.php(782): CController->renderPartial('index', Array, true)
#21 D:\xampp\htdocs\yiiboilerplate\protected\controllers\ProfileController.php(280): CController->render('index', Array)
#22 D:\xampp\YII\framework\web\actions\CInlineAction.php(49): ProfileController->actionIndex()
#23 D:\xampp\YII\framework\web\CController.php(308): CInlineAction->runWithParams(Array)
#24 D:\xampp\YII\framework\web\filters\CFilterChain.php(133): CController->runAction(Object(CInlineAction))
#25 D:\xampp\YII\framework\web\filters\CFilter.php(40): CFilterChain->run()
#26 D:\xampp\YII\framework\web\CController.php(1145): CFilter->filter(Object(CFilterChain))
#27 D:\xampp\YII\framework\web\filters\CInlineFilter.php(58): CController->filterAccessControl(Object(CFilterChain))
#28 D:\xampp\YII\framework\web\filters\CFilterChain.php(130): CInlineFilter->filter(Object(CFilterChain))
#29 D:\xampp\YII\framework\web\CController.php(291): CFilterChain->run()
#30 D:\xampp\YII\framework\web\CController.php(265): CController->runActionWithFilters(Object(CInlineAction), Array)
#31 D:\xampp\YII\framework\web\CWebApplication.php(282): CController->run('')
#32 D:\xampp\YII\framework\web\CWebApplication.php(141): CWebApplication->runController('profile')
#33 D:\xampp\YII\framework\base\CApplication.php(169): CWebApplication->processRequest()
#34 D:\xampp\htdocs\yiiboilerplate\index.php(13): CApplication->run()
#35 {main}
REQUEST_URI=/yiiboilerplate/profile
---
2013/05/27 04:46:19 [error] [exception.CException] exception 'CException' with message 'Alias "ext.bootstrap.components.Bootstrap" is invalid. Make sure it points to an existing PHP file and the file is readable.' in D:\xampp\YII\framework\YiiBase.php:316
Stack trace:
#0 D:\xampp\YII\framework\YiiBase.php(196): YiiBase::import('ext.bootstrap.c...', true)
#1 D:\xampp\YII\framework\base\CModule.php(386): YiiBase::createComponent(Array)
#2 D:\xampp\YII\framework\base\CModule.php(523): CModule->getComponent('bootstrap')
#3 D:\xampp\YII\framework\base\CApplication.php(152): CModule->preloadComponents()
#4 D:\xampp\YII\framework\YiiBase.php(125): CApplication->__construct('D:\xampp\htdocs...')
#5 D:\xampp\YII\framework\YiiBase.php(98): YiiBase::createApplication('CWebApplication', 'D:\xampp\htdocs...')
#6 D:\xampp\htdocs\yiiboilerplate\index.php(13): YiiBase::createWebApplication('D:\xampp\htdocs...')
#7 {main}
REQUEST_URI=/yiiboilerplate/
---
2013/05/27 04:56:17 [error] [exception.CHttpException.404] exception 'CHttpException' with message 'Unable to resolve the request "product/index".' in D:\xampp\YII\framework\web\CWebApplication.php:286
Stack trace:
#0 D:\xampp\YII\framework\web\CWebApplication.php(141): CWebApplication->runController('product/index')
#1 D:\xampp\YII\framework\base\CApplication.php(169): CWebApplication->processRequest()
#2 D:\xampp\htdocs\yiiboilerplate\index.php(13): CApplication->run()
#3 {main}
REQUEST_URI=/yiiboilerplate/product/index
---
2013/05/27 05:10:54 [error] [exception.CException] exception 'CException' with message 'Property "WawaController.menu" is not defined.' in D:\xampp\YII\framework\base\CComponent.php:130
Stack trace:
#0 D:\xampp\htdocs\yiiboilerplate\themes\isoft\views\layouts\main.php(58): CComponent->__get('menu')
#1 D:\xampp\YII\framework\web\CBaseController.php(126): require('D:\xampp\htdocs...')
#2 D:\xampp\YII\framework\web\CBaseController.php(95): CBaseController->renderInternal('D:\xampp\htdocs...', Array, true)
#3 D:\xampp\YII\framework\web\CController.php(784): CBaseController->renderFile('D:\xampp\htdocs...', Array, true)
#4 D:\xampp\htdocs\yiiboilerplate\protected\controllers\WawaController.php(282): CController->render('index', Array)
#5 D:\xampp\YII\framework\web\actions\CInlineAction.php(49): WawaController->actionIndex()
#6 D:\xampp\YII\framework\web\CController.php(308): CInlineAction->runWithParams(Array)
#7 D:\xampp\YII\framework\web\filters\CFilterChain.php(133): CController->runAction(Object(CInlineAction))
#8 D:\xampp\YII\framework\web\filters\CFilter.php(40): CFilterChain->run()
#9 D:\xampp\YII\framework\web\CController.php(1145): CFilter->filter(Object(CFilterChain))
#10 D:\xampp\YII\framework\web\filters\CInlineFilter.php(58): CController->filterAccessControl(Object(CFilterChain))
#11 D:\xampp\YII\framework\web\filters\CFilterChain.php(130): CInlineFilter->filter(Object(CFilterChain))
#12 D:\xampp\YII\framework\web\CController.php(291): CFilterChain->run()
#13 D:\xampp\YII\framework\web\CController.php(265): CController->runActionWithFilters(Object(CInlineAction), Array)
#14 D:\xampp\YII\framework\web\CWebApplication.php(282): CController->run('')
#15 D:\xampp\YII\framework\web\CWebApplication.php(141): CWebApplication->runController('wawa')
#16 D:\xampp\YII\framework\base\CApplication.php(169): CWebApplication->processRequest()
#17 D:\xampp\htdocs\yiiboilerplate\index.php(13): CApplication->run()
#18 {main}
REQUEST_URI=/yiiboilerplate/index.php/wawa
---
2013/05/27 05:12:11 [error] [exception.CException] exception 'CException' with message 'Property "WawaController.menu" is not defined.' in D:\xampp\YII\framework\base\CComponent.php:130
Stack trace:
#0 D:\xampp\htdocs\yiiboilerplate\themes\isoft\views\layouts\main.php(58): CComponent->__get('menu')
#1 D:\xampp\YII\framework\web\CBaseController.php(126): require('D:\xampp\htdocs...')
#2 D:\xampp\YII\framework\web\CBaseController.php(95): CBaseController->renderInternal('D:\xampp\htdocs...', Array, true)
#3 D:\xampp\YII\framework\web\CController.php(784): CBaseController->renderFile('D:\xampp\htdocs...', Array, true)
#4 D:\xampp\htdocs\yiiboilerplate\protected\controllers\WawaController.php(282): CController->render('index', Array)
#5 D:\xampp\YII\framework\web\actions\CInlineAction.php(49): WawaController->actionIndex()
#6 D:\xampp\YII\framework\web\CController.php(308): CInlineAction->runWithParams(Array)
#7 D:\xampp\YII\framework\web\filters\CFilterChain.php(133): CController->runAction(Object(CInlineAction))
#8 D:\xampp\YII\framework\web\filters\CFilter.php(40): CFilterChain->run()
#9 D:\xampp\YII\framework\web\CController.php(1145): CFilter->filter(Object(CFilterChain))
#10 D:\xampp\YII\framework\web\filters\CInlineFilter.php(58): CController->filterAccessControl(Object(CFilterChain))
#11 D:\xampp\YII\framework\web\filters\CFilterChain.php(130): CInlineFilter->filter(Object(CFilterChain))
#12 D:\xampp\YII\framework\web\CController.php(291): CFilterChain->run()
#13 D:\xampp\YII\framework\web\CController.php(265): CController->runActionWithFilters(Object(CInlineAction), Array)
#14 D:\xampp\YII\framework\web\CWebApplication.php(282): CController->run('')
#15 D:\xampp\YII\framework\web\CWebApplication.php(141): CWebApplication->runController('wawa')
#16 D:\xampp\YII\framework\base\CApplication.php(169): CWebApplication->processRequest()
#17 D:\xampp\htdocs\yiiboilerplate\index.php(13): CApplication->run()
#18 {main}
REQUEST_URI=/yiiboilerplate/index.php/wawa
---
2013/05/27 05:12:15 [error] [exception.CHttpException.404] exception 'CHttpException' with message 'Unable to resolve the request "pro".' in D:\xampp\YII\framework\web\CWebApplication.php:286
Stack trace:
#0 D:\xampp\YII\framework\web\CWebApplication.php(141): CWebApplication->runController('pro')
#1 D:\xampp\YII\framework\base\CApplication.php(169): CWebApplication->processRequest()
#2 D:\xampp\htdocs\yiiboilerplate\index.php(13): CApplication->run()
#3 {main}
REQUEST_URI=/yiiboilerplate/index.php/pro/
---
